<?xml version="1.0" encoding="UTF-8"?>
<!-- Generated by org.testng.reporters.JUnitXMLReporter -->
<testsuite ignored="0" hostname="DESKTOP-E21MF35" failures="0" tests="6" name="Default test" time="0.318" errors="0" timestamp="2022-03-02T21:41:25 IST">
  <testcase classname="com.testng.org.Group_Test" name="searchearphone" time="0.033"/>
  <testcase classname="com.testng.org.Group_Test" name="searchmobile" time="0.012"/>
  <testcase classname="com.testng.org.Group_Test" name="searchpen" time="0.02"/>
  <testcase classname="com.testng.org.Group_Test" name="searchprinter" time="0.008"/>
  <testcase classname="com.testng.org.Group_Test" name="searchspoon" time="0.014"/>
  <testcase classname="com.testng.org.Group_Test" name="searchvessels" time="0.023"/>
</testsuite> <!-- Default test -->
