<?xml version="1.0" encoding="UTF-8"?>
<!-- Generated by org.testng.reporters.JUnitXMLReporter -->
<testsuite ignored="2" hostname="DESKTOP-E21MF35" failures="0" tests="4" name="Test" time="0.504" errors="0" timestamp="2022-03-05T13:36:45 IST">
  <testcase classname="com.testng.org.Group_Test" name="searchearphone" time="0.056"/>
  <testcase classname="com.testng.org.Group_Test" name="searchmobile" time="0.047"/>
  <testcase classname="com.testng.org.Group_Test" name="searchpen" time="0.017"/>
  <testcase classname="com.testng.org.Group_Test" name="searchprinter" time="0.023"/>
  <testcase classname="com.testng.org.Group_Test" name="searchvessels" time="0.0">
    <ignored/>
  </testcase> <!-- searchvessels -->
  <testcase classname="com.testng.org.Group_Test" name="searchspoon" time="0.0">
    <ignored/>
  </testcase> <!-- searchspoon -->
</testsuite> <!-- Test -->
