<?xml version="1.0" encoding="UTF-8"?>
<testng-results ignored="2" total="6" passed="4" failed="0" skipped="0">
  <reporter-output>
  </reporter-output>
  <suite started-at="2022-03-05T13:36:44 IST" name="Suite" finished-at="2022-03-05T13:36:45 IST" duration-ms="504">
    <groups>
      <group name="Electronics">
        <method signature="Group_Test.searchearphone()[pri:0, instance:com.testng.org.Group_Test@7c24b813]" name="searchearphone" class="com.testng.org.Group_Test"/>
        <method signature="Group_Test.searchmobile()[pri:0, instance:com.testng.org.Group_Test@7c24b813]" name="searchmobile" class="com.testng.org.Group_Test"/>
      </group> <!-- Electronics -->
      <group name="Stationery">
        <method signature="Group_Test.searchpen()[pri:0, instance:com.testng.org.Group_Test@7c24b813]" name="searchpen" class="com.testng.org.Group_Test"/>
        <method signature="Group_Test.searchprinter()[pri:0, instance:com.testng.org.Group_Test@7c24b813]" name="searchprinter" class="com.testng.org.Group_Test"/>
      </group> <!-- Stationery -->
    </groups>
    <test started-at="2022-03-05T13:36:44 IST" name="Test" finished-at="2022-03-05T13:36:45 IST" duration-ms="504">
      <class name="com.testng.org.Group_Test">
        <test-method signature="searchearphone()[pri:0, instance:com.testng.org.Group_Test@7c24b813]" started-at="2022-03-05T13:36:45 IST" name="searchearphone" finished-at="2022-03-05T13:36:45 IST" duration-ms="56" status="PASS">
          <reporter-output>
          </reporter-output>
        </test-method> <!-- searchearphone -->
        <test-method signature="searchmobile()[pri:0, instance:com.testng.org.Group_Test@7c24b813]" started-at="2022-03-05T13:36:45 IST" name="searchmobile" finished-at="2022-03-05T13:36:45 IST" duration-ms="47" status="PASS">
          <reporter-output>
          </reporter-output>
        </test-method> <!-- searchmobile -->
        <test-method signature="searchpen()[pri:0, instance:com.testng.org.Group_Test@7c24b813]" started-at="2022-03-05T13:36:45 IST" name="searchpen" finished-at="2022-03-05T13:36:45 IST" duration-ms="17" status="PASS">
          <reporter-output>
          </reporter-output>
        </test-method> <!-- searchpen -->
        <test-method signature="searchprinter()[pri:0, instance:com.testng.org.Group_Test@7c24b813]" started-at="2022-03-05T13:36:45 IST" name="searchprinter" finished-at="2022-03-05T13:36:45 IST" duration-ms="23" status="PASS">
          <reporter-output>
          </reporter-output>
        </test-method> <!-- searchprinter -->
      </class> <!-- com.testng.org.Group_Test -->
    </test> <!-- Test -->
  </suite> <!-- Suite -->
</testng-results>
